2020-04-14 00:33:38,590 PARAMS: {'since_id': b'1249774911549108225'}
2020-04-14 00:33:38,591 Signing request <PreparedRequest [GET]> using client <Client client_key=ikhCaqjuArTICeJ1rOzQrXqFO, client_secret=****, resource_owner_key=849074973301977088-UN04k2gE99XqQq74Bv3GWCs5Bmirq6Q, resource_owner_secret=****, signature_method=HMAC-SHA1, signature_type=AUTH_HEADER, callback_uri=None, rsa_key=None, verifier=None, realm=None, encoding=utf-8, decoding=None, nonce=None, timestamp=None>
2020-04-14 00:33:38,591 Including body in call to sign: False
2020-04-14 00:33:38,591 Collected params: [('since_id', '1249774911549108225'), ('oauth_nonce', '79555286063719082251586804618'), ('oauth_timestamp', '1586804618'), ('oauth_version', '1.0'), ('oauth_signature_method', 'HMAC-SHA1'), ('oauth_consumer_key', 'ikhCaqjuArTICeJ1rOzQrXqFO'), ('oauth_token', '849074973301977088-UN04k2gE99XqQq74Bv3GWCs5Bmirq6Q')]
2020-04-14 00:33:38,592 Normalized params: oauth_consumer_key=ikhCaqjuArTICeJ1rOzQrXqFO&oauth_nonce=79555286063719082251586804618&oauth_signature_method=HMAC-SHA1&oauth_timestamp=1586804618&oauth_token=849074973301977088-UN04k2gE99XqQq74Bv3GWCs5Bmirq6Q&oauth_version=1.0&since_id=1249774911549108225
2020-04-14 00:33:38,592 Normalized URI: https://api.twitter.com/1.1/statuses/mentions_timeline.json
2020-04-14 00:33:38,592 Signing: signature base string: GET&https%3A%2F%2Fapi.twitter.com%2F1.1%2Fstatuses%2Fmentions_timeline.json&oauth_consumer_key%3DikhCaqjuArTICeJ1rOzQrXqFO%26oauth_nonce%3D79555286063719082251586804618%26oauth_signature_method%3DHMAC-SHA1%26oauth_timestamp%3D1586804618%26oauth_token%3D849074973301977088-UN04k2gE99XqQq74Bv3GWCs5Bmirq6Q%26oauth_version%3D1.0%26since_id%3D1249774911549108225
2020-04-14 00:33:38,592 Signature: kxEsFWBxwNnx4tnIpGgNVH7GBl0=
2020-04-14 00:33:38,592 Updated url: https://api.twitter.com/1.1/statuses/mentions_timeline.json?since_id=1249774911549108225
2020-04-14 00:33:38,592 Updated headers: {'Host': 'api.twitter.com', 'Authorization': 'OAuth oauth_nonce="79555286063719082251586804618", oauth_timestamp="1586804618", oauth_version="1.0", oauth_signature_method="HMAC-SHA1", oauth_consumer_key="ikhCaqjuArTICeJ1rOzQrXqFO", oauth_token="849074973301977088-UN04k2gE99XqQq74Bv3GWCs5Bmirq6Q", oauth_signature="kxEsFWBxwNnx4tnIpGgNVH7GBl0%3D"'}
2020-04-14 00:33:38,592 Updated body: None
2020-04-14 00:33:38,593 Starting new HTTPS connection (1): api.twitter.com:443
2020-04-14 00:33:39,010 https://api.twitter.com:443 "GET /1.1/statuses/mentions_timeline.json?since_id=1249774911549108225 HTTP/1.1" 200 2582
2020-04-14 00:33:44,022 Starting new HTTPS connection (1): api.covid19india.org:443
2020-04-14 00:33:44,230 https://api.covid19india.org:443 "GET /data.json HTTP/1.1" 200 3806
2020-04-14 00:33:44,240 PARAMS: {'status': b'@inityhost Something Wrong...\nPlease Try Again After Sometime.\nPlease Use Correct State Code (2Letters)\n\nMention - @Covid19Stat_bot then #state [State Code] \n Ex- @Covid19Stat_bot #state DL \n Follow Us \n #Corona #Covid19Updates #CoronaUpdate', 'in_reply_to_status_id': b'1249775077589020675'}
2020-04-14 00:33:44,242 Signing request <PreparedRequest [POST]> using client <Client client_key=ikhCaqjuArTICeJ1rOzQrXqFO, client_secret=****, resource_owner_key=849074973301977088-UN04k2gE99XqQq74Bv3GWCs5Bmirq6Q, resource_owner_secret=****, signature_method=HMAC-SHA1, signature_type=AUTH_HEADER, callback_uri=None, rsa_key=None, verifier=None, realm=None, encoding=utf-8, decoding=None, nonce=None, timestamp=None>
2020-04-14 00:33:44,243 Including body in call to sign: False
2020-04-14 00:33:44,247 Collected params: [('status', '@inityhost Something Wrong...\nPlease Try Again After Sometime.\nPlease Use Correct State Code (2Letters)\n\nMention - @Covid19Stat_bot then #state [State Code] \n Ex- @Covid19Stat_bot #state DL \n Follow Us \n #Corona #Covid19Updates #CoronaUpdate'), ('in_reply_to_status_id', '1249775077589020675'), ('oauth_nonce', '131069167457294484051586804624'), ('oauth_timestamp', '1586804624'), ('oauth_version', '1.0'), ('oauth_signature_method', 'HMAC-SHA1'), ('oauth_consumer_key', 'ikhCaqjuArTICeJ1rOzQrXqFO'), ('oauth_token', '849074973301977088-UN04k2gE99XqQq74Bv3GWCs5Bmirq6Q')]
2020-04-14 00:33:44,248 Normalized params: in_reply_to_status_id=1249775077589020675&oauth_consumer_key=ikhCaqjuArTICeJ1rOzQrXqFO&oauth_nonce=131069167457294484051586804624&oauth_signature_method=HMAC-SHA1&oauth_timestamp=1586804624&oauth_token=849074973301977088-UN04k2gE99XqQq74Bv3GWCs5Bmirq6Q&oauth_version=1.0&status=%40inityhost%20Something%20Wrong...%0APlease%20Try%20Again%20After%20Sometime.%0APlease%20Use%20Correct%20State%20Code%20%282Letters%29%0A%0AMention%20-%20%40Covid19Stat_bot%20then%20%23state%20%5BState%20Code%5D%20%0A%20Ex-%20%40Covid19Stat_bot%20%23state%20DL%20%0A%20Follow%20Us%20%0A%20%23Corona%20%23Covid19Updates%20%23CoronaUpdate
2020-04-14 00:33:44,249 Normalized URI: https://api.twitter.com/1.1/statuses/update.json
2020-04-14 00:33:44,249 Signing: signature base string: POST&https%3A%2F%2Fapi.twitter.com%2F1.1%2Fstatuses%2Fupdate.json&in_reply_to_status_id%3D1249775077589020675%26oauth_consumer_key%3DikhCaqjuArTICeJ1rOzQrXqFO%26oauth_nonce%3D131069167457294484051586804624%26oauth_signature_method%3DHMAC-SHA1%26oauth_timestamp%3D1586804624%26oauth_token%3D849074973301977088-UN04k2gE99XqQq74Bv3GWCs5Bmirq6Q%26oauth_version%3D1.0%26status%3D%2540inityhost%2520Something%2520Wrong...%250APlease%2520Try%2520Again%2520After%2520Sometime.%250APlease%2520Use%2520Correct%2520State%2520Code%2520%25282Letters%2529%250A%250AMention%2520-%2520%2540Covid19Stat_bot%2520then%2520%2523state%2520%255BState%2520Code%255D%2520%250A%2520Ex-%2520%2540Covid19Stat_bot%2520%2523state%2520DL%2520%250A%2520Follow%2520Us%2520%250A%2520%2523Corona%2520%2523Covid19Updates%2520%2523CoronaUpdate
2020-04-14 00:33:44,250 Signature: sN+IY35EjKYFUhz8koRfVs/ibtI=
2020-04-14 00:33:44,250 Updated url: https://api.twitter.com/1.1/statuses/update.json?status=%40inityhost+Something+Wrong...%0APlease+Try+Again+After+Sometime.%0APlease+Use+Correct+State+Code+%282Letters%29%0A%0AMention+-+%40Covid19Stat_bot+then+%23state+%5BState+Code%5D+%0A+Ex-+%40Covid19Stat_bot+%23state+DL+%0A+Follow+Us+%0A+%23Corona+%23Covid19Updates+%23CoronaUpdate&in_reply_to_status_id=1249775077589020675
2020-04-14 00:33:44,251 Updated headers: {'Host': 'api.twitter.com', 'Content-Length': '0', 'Authorization': 'OAuth oauth_nonce="131069167457294484051586804624", oauth_timestamp="1586804624", oauth_version="1.0", oauth_signature_method="HMAC-SHA1", oauth_consumer_key="ikhCaqjuArTICeJ1rOzQrXqFO", oauth_token="849074973301977088-UN04k2gE99XqQq74Bv3GWCs5Bmirq6Q", oauth_signature="sN%2BIY35EjKYFUhz8koRfVs%2FibtI%3D"'}
2020-04-14 00:33:44,251 Updated body: None
2020-04-14 00:33:44,256 Starting new HTTPS connection (1): api.twitter.com:443
2020-04-14 00:33:44,739 https://api.twitter.com:443 "POST /1.1/statuses/update.json?status=%40inityhost+Something+Wrong...%0APlease+Try+Again+After+Sometime.%0APlease+Use+Correct+State+Code+%282Letters%29%0A%0AMention+-+%40Covid19Stat_bot+then+%23state+%5BState+Code%5D+%0A+Ex-+%40Covid19Stat_bot+%23state+DL+%0A+Follow+Us+%0A+%23Corona+%23Covid19Updates+%23CoronaUpdate&in_reply_to_status_id=1249775077589020675 HTTP/1.1" 200 2863
2020-04-14 00:34:29,788 PARAMS: {'since_id': b'1249775077589020675'}
2020-04-14 00:34:29,789 Signing request <PreparedRequest [GET]> using client <Client client_key=ikhCaqjuArTICeJ1rOzQrXqFO, client_secret=****, resource_owner_key=849074973301977088-UN04k2gE99XqQq74Bv3GWCs5Bmirq6Q, resource_owner_secret=****, signature_method=HMAC-SHA1, signature_type=AUTH_HEADER, callback_uri=None, rsa_key=None, verifier=None, realm=None, encoding=utf-8, decoding=None, nonce=None, timestamp=None>
2020-04-14 00:34:29,789 Including body in call to sign: False
2020-04-14 00:34:29,789 Collected params: [('since_id', '1249775077589020675'), ('oauth_nonce', '124413334893009932311586804669'), ('oauth_timestamp', '1586804669'), ('oauth_version', '1.0'), ('oauth_signature_method', 'HMAC-SHA1'), ('oauth_consumer_key', 'ikhCaqjuArTICeJ1rOzQrXqFO'), ('oauth_token', '849074973301977088-UN04k2gE99XqQq74Bv3GWCs5Bmirq6Q')]
2020-04-14 00:34:29,789 Normalized params: oauth_consumer_key=ikhCaqjuArTICeJ1rOzQrXqFO&oauth_nonce=124413334893009932311586804669&oauth_signature_method=HMAC-SHA1&oauth_timestamp=1586804669&oauth_token=849074973301977088-UN04k2gE99XqQq74Bv3GWCs5Bmirq6Q&oauth_version=1.0&since_id=1249775077589020675
2020-04-14 00:34:29,789 Normalized URI: https://api.twitter.com/1.1/statuses/mentions_timeline.json
2020-04-14 00:34:29,790 Signing: signature base string: GET&https%3A%2F%2Fapi.twitter.com%2F1.1%2Fstatuses%2Fmentions_timeline.json&oauth_consumer_key%3DikhCaqjuArTICeJ1rOzQrXqFO%26oauth_nonce%3D124413334893009932311586804669%26oauth_signature_method%3DHMAC-SHA1%26oauth_timestamp%3D1586804669%26oauth_token%3D849074973301977088-UN04k2gE99XqQq74Bv3GWCs5Bmirq6Q%26oauth_version%3D1.0%26since_id%3D1249775077589020675
2020-04-14 00:34:29,790 Signature: I+coxbPpuFDB59HzWQ8YMS44vBQ=
2020-04-14 00:34:29,790 Updated url: https://api.twitter.com/1.1/statuses/mentions_timeline.json?since_id=1249775077589020675
2020-04-14 00:34:29,790 Updated headers: {'Host': 'api.twitter.com', 'Authorization': 'OAuth oauth_nonce="124413334893009932311586804669", oauth_timestamp="1586804669", oauth_version="1.0", oauth_signature_method="HMAC-SHA1", oauth_consumer_key="ikhCaqjuArTICeJ1rOzQrXqFO", oauth_token="849074973301977088-UN04k2gE99XqQq74Bv3GWCs5Bmirq6Q", oauth_signature="I%2BcoxbPpuFDB59HzWQ8YMS44vBQ%3D"'}
2020-04-14 00:34:29,790 Updated body: None
2020-04-14 00:34:29,792 Starting new HTTPS connection (1): api.twitter.com:443
2020-04-14 00:34:30,255 https://api.twitter.com:443 "GET /1.1/statuses/mentions_timeline.json?since_id=1249775077589020675 HTTP/1.1" 200 5611
2020-04-14 00:35:00,524 PARAMS: {'since_id': b'1249775294145130498'}
2020-04-14 00:35:00,526 Signing request <PreparedRequest [GET]> using client <Client client_key=ikhCaqjuArTICeJ1rOzQrXqFO, client_secret=****, resource_owner_key=849074973301977088-UN04k2gE99XqQq74Bv3GWCs5Bmirq6Q, resource_owner_secret=****, signature_method=HMAC-SHA1, signature_type=AUTH_HEADER, callback_uri=None, rsa_key=None, verifier=None, realm=None, encoding=utf-8, decoding=None, nonce=None, timestamp=None>
2020-04-14 00:35:00,526 Including body in call to sign: False
2020-04-14 00:35:00,527 Collected params: [('since_id', '1249775294145130498'), ('oauth_nonce', '25292343101141610601586804700'), ('oauth_timestamp', '1586804700'), ('oauth_version', '1.0'), ('oauth_signature_method', 'HMAC-SHA1'), ('oauth_consumer_key', 'ikhCaqjuArTICeJ1rOzQrXqFO'), ('oauth_token', '849074973301977088-UN04k2gE99XqQq74Bv3GWCs5Bmirq6Q')]
2020-04-14 00:35:00,528 Normalized params: oauth_consumer_key=ikhCaqjuArTICeJ1rOzQrXqFO&oauth_nonce=25292343101141610601586804700&oauth_signature_method=HMAC-SHA1&oauth_timestamp=1586804700&oauth_token=849074973301977088-UN04k2gE99XqQq74Bv3GWCs5Bmirq6Q&oauth_version=1.0&since_id=1249775294145130498
2020-04-14 00:35:00,528 Normalized URI: https://api.twitter.com/1.1/statuses/mentions_timeline.json
2020-04-14 00:35:00,529 Signing: signature base string: GET&https%3A%2F%2Fapi.twitter.com%2F1.1%2Fstatuses%2Fmentions_timeline.json&oauth_consumer_key%3DikhCaqjuArTICeJ1rOzQrXqFO%26oauth_nonce%3D25292343101141610601586804700%26oauth_signature_method%3DHMAC-SHA1%26oauth_timestamp%3D1586804700%26oauth_token%3D849074973301977088-UN04k2gE99XqQq74Bv3GWCs5Bmirq6Q%26oauth_version%3D1.0%26since_id%3D1249775294145130498
2020-04-14 00:35:00,529 Signature: 0znM+ypDu+2ob9XUttwllzc6PfQ=
2020-04-14 00:35:00,530 Updated url: https://api.twitter.com/1.1/statuses/mentions_timeline.json?since_id=1249775294145130498
2020-04-14 00:35:00,530 Updated headers: {'Host': 'api.twitter.com', 'Authorization': 'OAuth oauth_nonce="25292343101141610601586804700", oauth_timestamp="1586804700", oauth_version="1.0", oauth_signature_method="HMAC-SHA1", oauth_consumer_key="ikhCaqjuArTICeJ1rOzQrXqFO", oauth_token="849074973301977088-UN04k2gE99XqQq74Bv3GWCs5Bmirq6Q", oauth_signature="0znM%2BypDu%2B2ob9XUttwllzc6PfQ%3D"'}
2020-04-14 00:35:00,530 Updated body: None
2020-04-14 00:35:00,533 Starting new HTTPS connection (1): api.twitter.com:443
2020-04-14 00:35:00,955 https://api.twitter.com:443 "GET /1.1/statuses/mentions_timeline.json?since_id=1249775294145130498 HTTP/1.1" 200 2747
2020-04-14 00:35:05,973 Starting new HTTPS connection (1): api.covid19india.org:443
2020-04-14 00:35:06,178 https://api.covid19india.org:443 "GET /data.json HTTP/1.1" 200 3806
2020-04-14 00:35:06,185 PARAMS: {'status': b'@inityhost Hey inityhost!\n\xf0\x9f\xa6\xa0COVID-19 #CORONAVIRUS PANDEMIC \xf0\x9f\xa6\xa0\n\xf0\x9f\x93\x8dKarnataka State\xf0\x9f\x93\x8d\n\xf0\x9f\x98\x9factive - 179\n\xf0\x9f\x98\xa2confirmed - 247\n\xf0\x9f\x98\x94deaths - 8\n\xf0\x9f\x98\x83recovered - 60\nStay Home | Stay Safe\n\xe2\x8c\x9bLast Update - 13/04/2020 22:46:15\n#CornaVirus #Covid19 #Follow #Updates', 'in_reply_to_status_id': b'1249775352307544064'}
2020-04-14 00:35:06,188 Signing request <PreparedRequest [POST]> using client <Client client_key=ikhCaqjuArTICeJ1rOzQrXqFO, client_secret=****, resource_owner_key=849074973301977088-UN04k2gE99XqQq74Bv3GWCs5Bmirq6Q, resource_owner_secret=****, signature_method=HMAC-SHA1, signature_type=AUTH_HEADER, callback_uri=None, rsa_key=None, verifier=None, realm=None, encoding=utf-8, decoding=None, nonce=None, timestamp=None>
2020-04-14 00:35:06,188 Including body in call to sign: False
2020-04-14 00:35:06,190 Collected params: [('status', '@inityhost Hey inityhost!\n\U0001f9a0COVID-19 #CORONAVIRUS PANDEMIC \U0001f9a0\n📍Karnataka State📍\n😟active - 179\n😢confirmed - 247\n😔deaths - 8\n😃recovered - 60\nStay Home | Stay Safe\n⌛Last Update - 13/04/2020 22:46:15\n#CornaVirus #Covid19 #Follow #Updates'), ('in_reply_to_status_id', '1249775352307544064'), ('oauth_nonce', '116919516146610533911586804706'), ('oauth_timestamp', '1586804706'), ('oauth_version', '1.0'), ('oauth_signature_method', 'HMAC-SHA1'), ('oauth_consumer_key', 'ikhCaqjuArTICeJ1rOzQrXqFO'), ('oauth_token', '849074973301977088-UN04k2gE99XqQq74Bv3GWCs5Bmirq6Q')]
2020-04-14 00:35:06,191 Normalized params: in_reply_to_status_id=1249775352307544064&oauth_consumer_key=ikhCaqjuArTICeJ1rOzQrXqFO&oauth_nonce=116919516146610533911586804706&oauth_signature_method=HMAC-SHA1&oauth_timestamp=1586804706&oauth_token=849074973301977088-UN04k2gE99XqQq74Bv3GWCs5Bmirq6Q&oauth_version=1.0&status=%40inityhost%20Hey%20inityhost%21%0A%F0%9F%A6%A0COVID-19%20%23CORONAVIRUS%20PANDEMIC%20%F0%9F%A6%A0%0A%F0%9F%93%8DKarnataka%20State%F0%9F%93%8D%0A%F0%9F%98%9Factive%20-%20179%0A%F0%9F%98%A2confirmed%20-%20247%0A%F0%9F%98%94deaths%20-%208%0A%F0%9F%98%83recovered%20-%2060%0AStay%20Home%20%7C%20Stay%20Safe%0A%E2%8C%9BLast%20Update%20-%2013%2F04%2F2020%2022%3A46%3A15%0A%23CornaVirus%20%23Covid19%20%23Follow%20%23Updates
2020-04-14 00:35:06,191 Normalized URI: https://api.twitter.com/1.1/statuses/update.json
2020-04-14 00:35:06,192 Signing: signature base string: POST&https%3A%2F%2Fapi.twitter.com%2F1.1%2Fstatuses%2Fupdate.json&in_reply_to_status_id%3D1249775352307544064%26oauth_consumer_key%3DikhCaqjuArTICeJ1rOzQrXqFO%26oauth_nonce%3D116919516146610533911586804706%26oauth_signature_method%3DHMAC-SHA1%26oauth_timestamp%3D1586804706%26oauth_token%3D849074973301977088-UN04k2gE99XqQq74Bv3GWCs5Bmirq6Q%26oauth_version%3D1.0%26status%3D%2540inityhost%2520Hey%2520inityhost%2521%250A%25F0%259F%25A6%25A0COVID-19%2520%2523CORONAVIRUS%2520PANDEMIC%2520%25F0%259F%25A6%25A0%250A%25F0%259F%2593%258DKarnataka%2520State%25F0%259F%2593%258D%250A%25F0%259F%2598%259Factive%2520-%2520179%250A%25F0%259F%2598%25A2confirmed%2520-%2520247%250A%25F0%259F%2598%2594deaths%2520-%25208%250A%25F0%259F%2598%2583recovered%2520-%252060%250AStay%2520Home%2520%257C%2520Stay%2520Safe%250A%25E2%258C%259BLast%2520Update%2520-%252013%252F04%252F2020%252022%253A46%253A15%250A%2523CornaVirus%2520%2523Covid19%2520%2523Follow%2520%2523Updates
2020-04-14 00:35:06,192 Signature: 1kXmwINEuAzrOLRV9jyPTF3s/Ms=
2020-04-14 00:35:06,193 Updated url: https://api.twitter.com/1.1/statuses/update.json?status=%40inityhost+Hey+inityhost%21%0A%F0%9F%A6%A0COVID-19+%23CORONAVIRUS+PANDEMIC+%F0%9F%A6%A0%0A%F0%9F%93%8DKarnataka+State%F0%9F%93%8D%0A%F0%9F%98%9Factive+-+179%0A%F0%9F%98%A2confirmed+-+247%0A%F0%9F%98%94deaths+-+8%0A%F0%9F%98%83recovered+-+60%0AStay+Home+%7C+Stay+Safe%0A%E2%8C%9BLast+Update+-+13%2F04%2F2020+22%3A46%3A15%0A%23CornaVirus+%23Covid19+%23Follow+%23Updates&in_reply_to_status_id=1249775352307544064
2020-04-14 00:35:06,193 Updated headers: {'Host': 'api.twitter.com', 'Content-Length': '0', 'Authorization': 'OAuth oauth_nonce="116919516146610533911586804706", oauth_timestamp="1586804706", oauth_version="1.0", oauth_signature_method="HMAC-SHA1", oauth_consumer_key="ikhCaqjuArTICeJ1rOzQrXqFO", oauth_token="849074973301977088-UN04k2gE99XqQq74Bv3GWCs5Bmirq6Q", oauth_signature="1kXmwINEuAzrOLRV9jyPTF3s%2FMs%3D"'}
2020-04-14 00:35:06,194 Updated body: None
2020-04-14 00:35:06,200 Starting new HTTPS connection (1): api.twitter.com:443
2020-04-14 00:35:06,690 https://api.twitter.com:443 "POST /1.1/statuses/update.json?status=%40inityhost+Hey+inityhost%21%0A%F0%9F%A6%A0COVID-19+%23CORONAVIRUS+PANDEMIC+%F0%9F%A6%A0%0A%F0%9F%93%8DKarnataka+State%F0%9F%93%8D%0A%F0%9F%98%9Factive+-+179%0A%F0%9F%98%A2confirmed+-+247%0A%F0%9F%98%94deaths+-+8%0A%F0%9F%98%83recovered+-+60%0AStay+Home+%7C+Stay+Safe%0A%E2%8C%9BLast+Update+-+13%2F04%2F2020+22%3A46%3A15%0A%23CornaVirus+%23Covid19+%23Follow+%23Updates&in_reply_to_status_id=1249775352307544064 HTTP/1.1" 200 2982
